[debug] [2019-10-31T03:07:10.709Z] ----------------------------------------------------------------------
[debug] [2019-10-31T03:07:10.710Z] Command:       /usr/bin/node /usr/bin/firebase serve --only hosting
[debug] [2019-10-31T03:07:10.710Z] CLI Version:   7.6.2
[debug] [2019-10-31T03:07:10.710Z] Platform:      linux
[debug] [2019-10-31T03:07:10.710Z] Node Version:  v12.13.0
[debug] [2019-10-31T03:07:10.711Z] Time:          Wed Oct 30 2019 23:07:10 GMT-0400 (Eastern Daylight Time)
[debug] [2019-10-31T03:07:10.711Z] ----------------------------------------------------------------------
[debug] [2019-10-31T03:07:10.711Z] 
[debug] [2019-10-31T03:07:10.715Z] > command requires scopes: ["email","openid","https://www.googleapis.com/auth/cloudplatformprojects.readonly","https://www.googleapis.com/auth/firebase","https://www.googleapis.com/auth/cloud-platform"]
[debug] [2019-10-31T03:07:10.715Z] > authorizing via signed-in user
[debug] [2019-10-31T03:07:10.715Z] [iam] checking project youtwobe-video-viewer for permissions ["firebase.projects.get"]
[debug] [2019-10-31T03:07:10.716Z] > refreshing access token with scopes: ["email","https://www.googleapis.com/auth/cloud-platform","https://www.googleapis.com/auth/cloudplatformprojects.readonly","https://www.googleapis.com/auth/firebase","openid"]
[debug] [2019-10-31T03:07:10.716Z] >>> HTTP REQUEST POST https://www.googleapis.com/oauth2/v3/token  
 <request body omitted>
[debug] [2019-10-31T03:07:10.870Z] <<< HTTP RESPONSE 200
[debug] [2019-10-31T03:07:10.879Z] >>> HTTP REQUEST POST https://cloudresourcemanager.googleapis.com/v1/projects/youtwobe-video-viewer:testIamPermissions  

[debug] [2019-10-31T03:07:11.077Z] <<< HTTP RESPONSE 200
[debug] [2019-10-31T03:07:11.081Z] >>> HTTP REQUEST GET https://firebase.googleapis.com/v1beta1/projects/youtwobe-video-viewer  
 
[debug] [2019-10-31T03:07:11.372Z] <<< HTTP RESPONSE 200
[debug] [2019-10-31T03:07:11.373Z] >>> HTTP REQUEST GET https://firebase.googleapis.com/v1beta1/projects/youtwobe-video-viewer/webApps/-/config  
 
[debug] [2019-10-31T03:07:11.748Z] <<< HTTP RESPONSE 200
[info] ✔  hosting: Local server: http://localhost:5000
